📊 SYSTEM REPORT 12 Mar 23:30

💰 FINANCIAL
MRR: NZD 0
Daily API cost: USD $0.1771
Projected monthly: USD $5.31

⚡ PERFORMANCE
Grunt layer response: 0.1s
CPU: 0.0%
Memory: 3.6%
Load: 0.00 0.01 0.00

🔄 AUTO-DECISIONS
→ No changes required
Orchestrator notify warning: All connection attempts failed
📊 SYSTEM REPORT 12 Mar 23:30

💰 FINANCIAL
MRR: NZD 0
Daily API cost: USD $0.1771
Projected monthly: USD $5.31

⚡ PERFORMANCE
Grunt layer response: 0.1s
CPU: 0.0%
Memory: 3.6%
Load: 0.00 0.01 0.00

🔄 AUTO-DECISIONS
→ No changes required
Orchestrator notify warning: All connection attempts failed
📊 SYSTEM REPORT 12 Mar 23:45

💰 FINANCIAL
MRR: NZD 0
Daily API cost: USD $0.1771
Projected monthly: USD $5.31

⚡ PERFORMANCE
Grunt layer response: 0.1s
CPU: 0.0%
Memory: 3.6%
Load: 0.01 0.02 0.00

🔄 AUTO-DECISIONS
→ No changes required
Orchestrator notify warning: All connection attempts failed
📊 SYSTEM REPORT 12 Mar 23:45

💰 FINANCIAL
MRR: NZD 0
Daily API cost: USD $0.1771
Projected monthly: USD $5.31

⚡ PERFORMANCE
Grunt layer response: 0.1s
CPU: 2.2%
Memory: 3.7%
Load: 0.01 0.02 0.00

🔄 AUTO-DECISIONS
→ No changes required
Orchestrator notify warning: All connection attempts failed
📊 SYSTEM REPORT 13 Mar 00:00

💰 FINANCIAL
MRR: NZD 0
Daily API cost: USD $0.1771
Projected monthly: USD $5.31

⚡ PERFORMANCE
Grunt layer response: 0.1s
CPU: 0.7%
Memory: 3.6%
Load: 0.16 0.06 0.01

🔄 AUTO-DECISIONS
→ No changes required
Orchestrator notify warning: All connection attempts failed
📊 SYSTEM REPORT 13 Mar 00:00

💰 FINANCIAL
MRR: NZD 0
Daily API cost: USD $0.1771
Projected monthly: USD $5.31

⚡ PERFORMANCE
Grunt layer response: 0.1s
CPU: 0.7%
Memory: 3.6%
Load: 0.16 0.06 0.01

🔄 AUTO-DECISIONS
→ No changes required
Orchestrator notify warning: All connection attempts failed
📊 SYSTEM REPORT 13 Mar 00:15

💰 FINANCIAL
MRR: NZD 0
Daily API cost: USD $0.1771
Projected monthly: USD $5.31

⚡ PERFORMANCE
Grunt layer response: 0.1s
CPU: 0.0%
Memory: 3.7%
Load: 0.63 0.47 0.24

🔄 AUTO-DECISIONS
→ No changes required
Orchestrator notify warning: All connection attempts failed
📊 SYSTEM REPORT 13 Mar 00:15

💰 FINANCIAL
MRR: NZD 0
Daily API cost: USD $0.1771
Projected monthly: USD $5.31

⚡ PERFORMANCE
Grunt layer response: 0.1s
CPU: 2.2%
Memory: 3.7%
Load: 0.63 0.47 0.24

🔄 AUTO-DECISIONS
→ No changes required
Orchestrator notify warning: All connection attempts failed
📊 SYSTEM REPORT 13 Mar 00:30

💰 FINANCIAL
MRR: NZD 0
Daily API cost: USD $0.1771
Projected monthly: USD $5.31

⚡ PERFORMANCE
Grunt layer response: 0.1s
CPU: 0.7%
Memory: 3.7%
Load: 0.86 0.50 0.34

🔄 AUTO-DECISIONS
→ No changes required
Orchestrator notify warning: All connection attempts failed
📊 SYSTEM REPORT 13 Mar 00:30

💰 FINANCIAL
MRR: NZD 0
Daily API cost: USD $0.1771
Projected monthly: USD $5.31

⚡ PERFORMANCE
Grunt layer response: 0.1s
CPU: 0.7%
Memory: 3.7%
Load: 0.86 0.50 0.34

🔄 AUTO-DECISIONS
→ No changes required
Orchestrator notify warning: All connection attempts failed
📊 SYSTEM REPORT 13 Mar 00:45

💰 FINANCIAL
MRR: NZD 0
Daily API cost: USD $0.1771
Projected monthly: USD $5.31

⚡ PERFORMANCE
Grunt layer response: 0.1s
CPU: 0.8%
Memory: 4.8%
Load: 0.06 0.28 0.35

🔄 AUTO-DECISIONS
→ No changes required
Orchestrator notify warning: All connection attempts failed
📊 SYSTEM REPORT 13 Mar 00:45

💰 FINANCIAL
MRR: NZD 0
Daily API cost: USD $0.1771
Projected monthly: USD $5.31

⚡ PERFORMANCE
Grunt layer response: 0.1s
CPU: 0.8%
Memory: 4.8%
Load: 0.06 0.28 0.35

🔄 AUTO-DECISIONS
→ No changes required
Orchestrator notify warning: All connection attempts failed
📊 SYSTEM REPORT 13 Mar 01:00

💰 FINANCIAL
MRR: NZD 0
Daily API cost: USD $0.1771
Projected monthly: USD $5.31

⚡ PERFORMANCE
Grunt layer response: 0.1s
CPU: 5.4%
Memory: 5.1%
Load: 0.13 0.06 0.14

🔄 AUTO-DECISIONS
→ No changes required
Orchestrator notify warning: All connection attempts failed
📊 SYSTEM REPORT 13 Mar 01:00

💰 FINANCIAL
MRR: NZD 0
Daily API cost: USD $0.1771
Projected monthly: USD $5.31

⚡ PERFORMANCE
Grunt layer response: 0.1s
CPU: 2.6%
Memory: 5.1%
Load: 0.13 0.06 0.14

🔄 AUTO-DECISIONS
→ No changes required
Orchestrator notify warning: All connection attempts failed
📊 SYSTEM REPORT 13 Mar 01:15

💰 FINANCIAL
MRR: NZD 0
Daily API cost: USD $0.0000
Projected monthly: USD $0.00

⚡ PERFORMANCE
Grunt layer response: 0.1s
CPU: 2.0%
Memory: 5.0%
Load: 0.16 0.12 0.18

🔄 AUTO-DECISIONS
→ No changes required
Orchestrator notify warning: All connection attempts failed
📊 SYSTEM REPORT 13 Mar 01:15

💰 FINANCIAL
MRR: NZD 0
Daily API cost: USD $0.0000
Projected monthly: USD $0.00

⚡ PERFORMANCE
Grunt layer response: 0.1s
CPU: 2.0%
Memory: 5.0%
Load: 0.16 0.12 0.18

🔄 AUTO-DECISIONS
→ No changes required
Orchestrator notify warning: All connection attempts failed
📊 SYSTEM REPORT 13 Mar 01:30

💰 FINANCIAL
MRR: NZD 0
Daily API cost: USD $0.0000
Projected monthly: USD $0.00

⚡ PERFORMANCE
Grunt layer response: 0.1s
CPU: 1.3%
Memory: 5.0%
Load: 0.04 0.06 0.09

🔄 AUTO-DECISIONS
→ No changes required
Orchestrator notify warning: All connection attempts failed
📊 SYSTEM REPORT 13 Mar 01:30

💰 FINANCIAL
MRR: NZD 0
Daily API cost: USD $0.0000
Projected monthly: USD $0.00

⚡ PERFORMANCE
Grunt layer response: 0.1s
CPU: 1.3%
Memory: 5.0%
Load: 0.04 0.06 0.09

🔄 AUTO-DECISIONS
→ No changes required
Orchestrator notify warning: All connection attempts failed
📊 SYSTEM REPORT 13 Mar 01:45

💰 FINANCIAL
MRR: NZD 0
Daily API cost: USD $0.0000
Projected monthly: USD $0.00

⚡ PERFORMANCE
Grunt layer response: 0.1s
CPU: 0.0%
Memory: 5.0%
Load: 0.05 0.20 0.16

🔄 AUTO-DECISIONS
→ No changes required
Orchestrator notify warning: All connection attempts failed
📊 SYSTEM REPORT 13 Mar 01:45

💰 FINANCIAL
MRR: NZD 0
Daily API cost: USD $0.0000
Projected monthly: USD $0.00

⚡ PERFORMANCE
Grunt layer response: 0.1s
CPU: 0.0%
Memory: 5.0%
Load: 0.05 0.20 0.16

🔄 AUTO-DECISIONS
→ No changes required
Orchestrator notify warning: All connection attempts failed
📊 SYSTEM REPORT 13 Mar 02:00

💰 FINANCIAL
MRR: NZD 0
Daily API cost: USD $0.0000
Projected monthly: USD $0.00

⚡ PERFORMANCE
Grunt layer response: 0.1s
CPU: 1.4%
Memory: 5.0%
Load: 0.13 0.06 0.09

🔄 AUTO-DECISIONS
→ No changes required
Orchestrator notify warning: All connection attempts failed
📊 SYSTEM REPORT 13 Mar 02:00

💰 FINANCIAL
MRR: NZD 0
Daily API cost: USD $0.0000
Projected monthly: USD $0.00

⚡ PERFORMANCE
Grunt layer response: 0.1s
CPU: 0.7%
Memory: 5.0%
Load: 0.13 0.06 0.09

🔄 AUTO-DECISIONS
→ No changes required
Orchestrator notify warning: All connection attempts failed
📊 SYSTEM REPORT 13 Mar 02:16

💰 FINANCIAL
MRR: NZD 0
Daily API cost: USD $0.0000
Projected monthly: USD $0.00

⚡ PERFORMANCE
Grunt layer response: 60.1s
CPU: 1.3%
Memory: 5.0%
Load: 0.02 0.04 0.05

🔄 AUTO-DECISIONS
→ No changes required
📊 SYSTEM REPORT 13 Mar 02:16

💰 FINANCIAL
MRR: NZD 0
Daily API cost: USD $0.0000
Projected monthly: USD $0.00

⚡ PERFORMANCE
Grunt layer response: 60.1s
CPU: 0.7%
Memory: 5.0%
Load: 0.02 0.04 0.05

🔄 AUTO-DECISIONS
→ No changes required
📊 SYSTEM REPORT 13 Mar 02:31

💰 FINANCIAL
MRR: NZD 0
Daily API cost: USD $0.0000
Projected monthly: USD $0.00

⚡ PERFORMANCE
Grunt layer response: 60.1s
CPU: 1.3%
Memory: 4.9%
Load: 0.12 0.45 0.73

🔄 AUTO-DECISIONS
→ No changes required
📊 SYSTEM REPORT 13 Mar 02:31

💰 FINANCIAL
MRR: NZD 0
Daily API cost: USD $0.0000
Projected monthly: USD $0.00

⚡ PERFORMANCE
Grunt layer response: 60.1s
CPU: 1.3%
Memory: 4.9%
Load: 0.12 0.45 0.73

🔄 AUTO-DECISIONS
→ No changes required
📊 SYSTEM REPORT 13 Mar 02:46

💰 FINANCIAL
MRR: NZD 0
Daily API cost: USD $0.0000
Projected monthly: USD $0.00

⚡ PERFORMANCE
Grunt layer response: 60.1s
CPU: 1.3%
Memory: 5.0%
Load: 0.14 0.74 1.19

🔄 AUTO-DECISIONS
→ No changes required
📊 SYSTEM REPORT 13 Mar 02:46

💰 FINANCIAL
MRR: NZD 0
Daily API cost: USD $0.0000
Projected monthly: USD $0.00

⚡ PERFORMANCE
Grunt layer response: 60.1s
CPU: 1.3%
Memory: 5.0%
Load: 0.14 0.74 1.19

🔄 AUTO-DECISIONS
→ No changes required
📊 SYSTEM REPORT 13 Mar 03:01

💰 FINANCIAL
MRR: NZD 0
Daily API cost: USD $0.0000
Projected monthly: USD $0.00

⚡ PERFORMANCE
Grunt layer response: 60.1s
CPU: 1.4%
Memory: 5.1%
Load: 0.00 0.47 1.24

🔄 AUTO-DECISIONS
→ No changes required
📊 SYSTEM REPORT 13 Mar 03:01

💰 FINANCIAL
MRR: NZD 0
Daily API cost: USD $0.0000
Projected monthly: USD $0.00

⚡ PERFORMANCE
Grunt layer response: 60.1s
CPU: 0.7%
Memory: 5.1%
Load: 0.00 0.47 1.24

🔄 AUTO-DECISIONS
→ No changes required
📊 SYSTEM REPORT 13 Mar 03:16

💰 FINANCIAL
MRR: NZD 0
Daily API cost: USD $0.0000
Projected monthly: USD $0.00

⚡ PERFORMANCE
Grunt layer response: 60.1s
CPU: 0.7%
Memory: 5.2%
Load: 0.02 0.46 1.21

🔄 AUTO-DECISIONS
→ No changes required
📊 SYSTEM REPORT 13 Mar 03:16

💰 FINANCIAL
MRR: NZD 0
Daily API cost: USD $0.0000
Projected monthly: USD $0.00

⚡ PERFORMANCE
Grunt layer response: 60.1s
CPU: 1.3%
Memory: 5.2%
Load: 0.02 0.46 1.21

🔄 AUTO-DECISIONS
→ No changes required
📊 SYSTEM REPORT 13 Mar 03:31

💰 FINANCIAL
MRR: NZD 0
Daily API cost: USD $0.0000
Projected monthly: USD $0.00

⚡ PERFORMANCE
Grunt layer response: 60.1s
CPU: 1.3%
Memory: 5.1%
Load: 0.03 0.45 1.17

🔄 AUTO-DECISIONS
→ No changes required
📊 SYSTEM REPORT 13 Mar 03:31

💰 FINANCIAL
MRR: NZD 0
Daily API cost: USD $0.0000
Projected monthly: USD $0.00

⚡ PERFORMANCE
Grunt layer response: 60.1s
CPU: 0.7%
Memory: 5.1%
Load: 0.03 0.45 1.17

🔄 AUTO-DECISIONS
→ No changes required
📊 SYSTEM REPORT 13 Mar 03:46

💰 FINANCIAL
MRR: NZD 0
Daily API cost: USD $0.0000
Projected monthly: USD $0.00

⚡ PERFORMANCE
Grunt layer response: 60.1s
CPU: 0.8%
Memory: 5.2%
Load: 0.08 0.42 1.12

🔄 AUTO-DECISIONS
→ No changes required
📊 SYSTEM REPORT 13 Mar 03:46

💰 FINANCIAL
MRR: NZD 0
Daily API cost: USD $0.0000
Projected monthly: USD $0.00

⚡ PERFORMANCE
Grunt layer response: 60.1s
CPU: 0.8%
Memory: 5.2%
Load: 0.08 0.42 1.12

🔄 AUTO-DECISIONS
→ No changes required
📊 SYSTEM REPORT 13 Mar 04:01

💰 FINANCIAL
MRR: NZD 0
Daily API cost: USD $0.0000
Projected monthly: USD $0.00

⚡ PERFORMANCE
Grunt layer response: 60.1s
CPU: 1.3%
Memory: 5.3%
Load: 0.05 0.42 1.11

🔄 AUTO-DECISIONS
→ No changes required
📊 SYSTEM REPORT 13 Mar 04:01

💰 FINANCIAL
MRR: NZD 0
Daily API cost: USD $0.0000
Projected monthly: USD $0.00

⚡ PERFORMANCE
Grunt layer response: 60.1s
CPU: 1.3%
Memory: 5.3%
Load: 0.05 0.42 1.11

🔄 AUTO-DECISIONS
→ No changes required
📊 SYSTEM REPORT 13 Mar 04:16

💰 FINANCIAL
MRR: NZD 0
Daily API cost: USD $0.0025
Projected monthly: USD $0.07

⚡ PERFORMANCE
Grunt layer response: 60.1s
CPU: 1.3%
Memory: 5.3%
Load: 0.19 0.53 1.17

🔄 AUTO-DECISIONS
→ No changes required
📊 SYSTEM REPORT 13 Mar 04:16

💰 FINANCIAL
MRR: NZD 0
Daily API cost: USD $0.0025
Projected monthly: USD $0.07

⚡ PERFORMANCE
Grunt layer response: 60.0s
CPU: 1.3%
Memory: 5.3%
Load: 0.19 0.53 1.17

🔄 AUTO-DECISIONS
→ No changes required
📊 SYSTEM REPORT 13 Mar 04:31

💰 FINANCIAL
MRR: NZD 0
Daily API cost: USD $0.0025
Projected monthly: USD $0.07

⚡ PERFORMANCE
Grunt layer response: 60.1s
CPU: 1.3%
Memory: 5.3%
Load: 0.10 0.47 1.14

🔄 AUTO-DECISIONS
→ No changes required
📊 SYSTEM REPORT 13 Mar 04:31

💰 FINANCIAL
MRR: NZD 0
Daily API cost: USD $0.0025
Projected monthly: USD $0.07

⚡ PERFORMANCE
Grunt layer response: 60.1s
CPU: 1.3%
Memory: 5.3%
Load: 0.10 0.47 1.14

🔄 AUTO-DECISIONS
→ No changes required
📊 SYSTEM REPORT 13 Mar 04:46

💰 FINANCIAL
MRR: NZD 0
Daily API cost: USD $0.0025
Projected monthly: USD $0.07

⚡ PERFORMANCE
Grunt layer response: 60.1s
CPU: 1.3%
Memory: 5.3%
Load: 0.43 0.60 1.20

🔄 AUTO-DECISIONS
→ No changes required
📊 SYSTEM REPORT 13 Mar 04:46

💰 FINANCIAL
MRR: NZD 0
Daily API cost: USD $0.0025
Projected monthly: USD $0.07

⚡ PERFORMANCE
Grunt layer response: 60.1s
CPU: 1.3%
Memory: 5.3%
Load: 0.43 0.60 1.20

🔄 AUTO-DECISIONS
→ No changes required
📊 SYSTEM REPORT 13 Mar 05:01

💰 FINANCIAL
MRR: NZD 0
Daily API cost: USD $0.0025
Projected monthly: USD $0.07

⚡ PERFORMANCE
Grunt layer response: 60.1s
CPU: 0.7%
Memory: 5.4%
Load: 0.00 0.41 1.15

🔄 AUTO-DECISIONS
→ No changes required
📊 SYSTEM REPORT 13 Mar 05:01

💰 FINANCIAL
MRR: NZD 0
Daily API cost: USD $0.0025
Projected monthly: USD $0.07

⚡ PERFORMANCE
Grunt layer response: 60.1s
CPU: 0.7%
Memory: 5.4%
Load: 0.00 0.41 1.15

🔄 AUTO-DECISIONS
→ No changes required
📊 SYSTEM REPORT 13 Mar 05:16

💰 FINANCIAL
MRR: NZD 0
Daily API cost: USD $0.0025
Projected monthly: USD $0.07

⚡ PERFORMANCE
Grunt layer response: 60.1s
CPU: 1.3%
Memory: 5.5%
Load: 0.07 0.48 1.16

🔄 AUTO-DECISIONS
→ No changes required
📊 SYSTEM REPORT 13 Mar 05:16

💰 FINANCIAL
MRR: NZD 0
Daily API cost: USD $0.0025
Projected monthly: USD $0.07

⚡ PERFORMANCE
Grunt layer response: 60.1s
CPU: 1.3%
Memory: 5.5%
Load: 0.07 0.48 1.16

🔄 AUTO-DECISIONS
→ No changes required
📊 SYSTEM REPORT 13 Mar 05:31

💰 FINANCIAL
MRR: NZD 0
Daily API cost: USD $0.0025
Projected monthly: USD $0.07

⚡ PERFORMANCE
Grunt layer response: 60.1s
CPU: 1.3%
Memory: 5.5%
Load: 0.11 0.45 1.15

🔄 AUTO-DECISIONS
→ No changes required
📊 SYSTEM REPORT 13 Mar 05:31

💰 FINANCIAL
MRR: NZD 0
Daily API cost: USD $0.0025
Projected monthly: USD $0.07

⚡ PERFORMANCE
Grunt layer response: 60.1s
CPU: 0.7%
Memory: 5.5%
Load: 0.11 0.45 1.15

🔄 AUTO-DECISIONS
→ No changes required
📊 SYSTEM REPORT 13 Mar 05:46

💰 FINANCIAL
MRR: NZD 0
Daily API cost: USD $0.0025
Projected monthly: USD $0.07

⚡ PERFORMANCE
Grunt layer response: 60.1s
CPU: 1.4%
Memory: 5.5%
Load: 0.06 0.43 1.13

🔄 AUTO-DECISIONS
→ No changes required
📊 SYSTEM REPORT 13 Mar 05:46

💰 FINANCIAL
MRR: NZD 0
Daily API cost: USD $0.0025
Projected monthly: USD $0.07

⚡ PERFORMANCE
Grunt layer response: 60.1s
CPU: 1.4%
Memory: 5.5%
Load: 0.06 0.43 1.13

🔄 AUTO-DECISIONS
→ No changes required
📊 SYSTEM REPORT 13 Mar 06:01

💰 FINANCIAL
MRR: NZD 0
Daily API cost: USD $0.0048
Projected monthly: USD $0.14

⚡ PERFORMANCE
Grunt layer response: 60.1s
CPU: 0.8%
Memory: 5.6%
Load: 0.00 0.40 1.12

🔄 AUTO-DECISIONS
→ No changes required
📊 SYSTEM REPORT 13 Mar 06:01

💰 FINANCIAL
MRR: NZD 0
Daily API cost: USD $0.0048
Projected monthly: USD $0.14

⚡ PERFORMANCE
Grunt layer response: 60.1s
CPU: 0.8%
Memory: 5.6%
Load: 0.00 0.40 1.12

🔄 AUTO-DECISIONS
→ No changes required
📊 SYSTEM REPORT 13 Mar 06:16

💰 FINANCIAL
MRR: NZD 0
Daily API cost: USD $0.0048
Projected monthly: USD $0.14

⚡ PERFORMANCE
Grunt layer response: 60.1s
CPU: 0.8%
Memory: 5.5%
Load: 0.06 0.46 1.13

🔄 AUTO-DECISIONS
→ No changes required
📊 SYSTEM REPORT 13 Mar 06:16

💰 FINANCIAL
MRR: NZD 0
Daily API cost: USD $0.0048
Projected monthly: USD $0.14

⚡ PERFORMANCE
Grunt layer response: 60.1s
CPU: 0.8%
Memory: 5.5%
Load: 0.06 0.46 1.13

🔄 AUTO-DECISIONS
→ No changes required
